<?xml version="1.0" encoding="UTF-8"?>
<!-- Generated by org.testng.reporters.JUnitReportReporter -->
<testsuite hostname="MKSGROUP" failures="0" tests="1" name="com.Program.Execute" time="43.172" errors="0" timestamp="2024-03-03T16:31:15 IST" skipped="0">
  <testcase classname="com.Program.Execute" name="amezonProduct" time="43.172"/>
</testsuite> <!-- com.Program.Execute -->
